{"C:\\Users\\User\\Desktop\\pos-venda\\backend\\src\\index.js": {"path":"C:\\Users\\User\\Desktop\\pos-venda\\backend\\src\\index.js","statementMap":{"0":{"start":{"line":1,"column":0},"end":{"line":1,"column":27}},"1":{"start":{"line":2,"column":16},"end":{"line":2,"column":34}},"2":{"start":{"line":3,"column":13},"end":{"line":3,"column":28}},"3":{"start":{"line":4,"column":15},"end":{"line":4,"column":32}},"4":{"start":{"line":5,"column":15},"end":{"line":5,"column":32}},"5":{"start":{"line":6,"column":18},"end":{"line":6,"column":46}},"6":{"start":{"line":8,"column":12},"end":{"line":8,"column":21}},"7":{"start":{"line":9,"column":13},"end":{"line":9,"column":37}},"8":{"start":{"line":12,"column":0},"end":{"line":12,"column":18}},"9":{"start":{"line":13,"column":0},"end":{"line":13,"column":16}},"10":{"start":{"line":14,"column":0},"end":{"line":14,"column":24}},"11":{"start":{"line":15,"column":0},"end":{"line":15,"column":23}},"12":{"start":{"line":18,"column":0},"end":{"line":23,"column":3}},"13":{"start":{"line":19,"column":2},"end":{"line":22,"column":5}},"14":{"start":{"line":26,"column":0},"end":{"line":37,"column":5}},"15":{"start":{"line":28,"column":4},"end":{"line":28,"column":61}},"16":{"start":{"line":31,"column":4},"end":{"line":33,"column":7}},"17":{"start":{"line":32,"column":6},"end":{"line":32,"column":58}},"18":{"start":{"line":36,"column":4},"end":{"line":36,"column":64}},"19":{"start":{"line":39,"column":0},"end":{"line":39,"column":21}}},"fnMap":{"0":{"name":"(anonymous_0)","decl":{"start":{"line":18,"column":13},"end":{"line":18,"column":14}},"loc":{"start":{"line":18,"column":27},"end":{"line":23,"column":1}},"line":18},"1":{"name":"(anonymous_1)","decl":{"start":{"line":27,"column":8},"end":{"line":27,"column":9}},"loc":{"start":{"line":27,"column":14},"end":{"line":34,"column":3}},"line":27},"2":{"name":"(anonymous_2)","decl":{"start":{"line":31,"column":21},"end":{"line":31,"column":22}},"loc":{"start":{"line":31,"column":27},"end":{"line":33,"column":5}},"line":31},"3":{"name":"(anonymous_3)","decl":{"start":{"line":35,"column":9},"end":{"line":35,"column":10}},"loc":{"start":{"line":35,"column":16},"end":{"line":37,"column":3}},"line":35}},"branchMap":{"0":{"loc":{"start":{"line":9,"column":13},"end":{"line":9,"column":37}},"type":"binary-expr","locations":[{"start":{"line":9,"column":13},"end":{"line":9,"column":29}},{"start":{"line":9,"column":33},"end":{"line":9,"column":37}}],"line":9}},"s":{"0":0,"1":0,"2":0,"3":0,"4":0,"5":0,"6":0,"7":0,"8":0,"9":0,"10":0,"11":0,"12":0,"13":0,"14":0,"15":0,"16":0,"17":0,"18":0,"19":0},"f":{"0":0,"1":0,"2":0,"3":0},"b":{"0":[0,0]}}
,"C:\\Users\\User\\Desktop\\pos-venda\\backend\\src\\docs\\financial.swagger.js": {"path":"C:\\Users\\User\\Desktop\\pos-venda\\backend\\src\\docs\\financial.swagger.js","statementMap":{},"fnMap":{},"branchMap":{},"s":{},"f":{},"b":{}}
,"C:\\Users\\User\\Desktop\\pos-venda\\backend\\src\\middlewares\\auditMiddleware.js": {"path":"C:\\Users\\User\\Desktop\\pos-venda\\backend\\src\\middlewares\\auditMiddleware.js","statementMap":{"0":{"start":{"line":1,"column":24},"end":{"line":1,"column":62}},"1":{"start":{"line":8,"column":4},"end":{"line":29,"column":6}},"2":{"start":{"line":10,"column":27},"end":{"line":10,"column":35}},"3":{"start":{"line":12,"column":6},"end":{"line":27,"column":8}},"4":{"start":{"line":14,"column":8},"end":{"line":21,"column":11}},"5":{"start":{"line":24,"column":8},"end":{"line":24,"column":32}},"6":{"start":{"line":26,"column":8},"end":{"line":26,"column":45}},"7":{"start":{"line":28,"column":6},"end":{"line":28,"column":13}},"8":{"start":{"line":36,"column":4},"end":{"line":58,"column":6}},"9":{"start":{"line":37,"column":31},"end":{"line":37,"column":43}},"10":{"start":{"line":39,"column":6},"end":{"line":56,"column":8}},"11":{"start":{"line":41,"column":8},"end":{"line":50,"column":11}},"12":{"start":{"line":53,"column":8},"end":{"line":53,"column":40}},"13":{"start":{"line":55,"column":8},"end":{"line":55,"column":63}},"14":{"start":{"line":57,"column":6},"end":{"line":57,"column":13}},"15":{"start":{"line":65,"column":4},"end":{"line":77,"column":6}},"16":{"start":{"line":66,"column":6},"end":{"line":75,"column":7}},"17":{"start":{"line":67,"column":8},"end":{"line":74,"column":11}},"18":{"start":{"line":76,"column":6},"end":{"line":76,"column":16}},"19":{"start":{"line":81,"column":0},"end":{"line":81,"column":33}}},"fnMap":{"0":{"name":"(anonymous_0)","decl":{"start":{"line":7,"column":2},"end":{"line":7,"column":3}},"loc":{"start":{"line":7,"column":27},"end":{"line":30,"column":3}},"line":7},"1":{"name":"(anonymous_1)","decl":{"start":{"line":8,"column":11},"end":{"line":8,"column":12}},"loc":{"start":{"line":8,"column":31},"end":{"line":29,"column":5}},"line":8},"2":{"name":"(anonymous_2)","decl":{"start":{"line":12,"column":17},"end":{"line":12,"column":18}},"loc":{"start":{"line":12,"column":33},"end":{"line":27,"column":7}},"line":12},"3":{"name":"(anonymous_3)","decl":{"start":{"line":35,"column":2},"end":{"line":35,"column":3}},"loc":{"start":{"line":35,"column":27},"end":{"line":59,"column":3}},"line":35},"4":{"name":"(anonymous_4)","decl":{"start":{"line":36,"column":11},"end":{"line":36,"column":12}},"loc":{"start":{"line":36,"column":31},"end":{"line":58,"column":5}},"line":36},"5":{"name":"(anonymous_5)","decl":{"start":{"line":39,"column":21},"end":{"line":39,"column":22}},"loc":{"start":{"line":39,"column":51},"end":{"line":56,"column":7}},"line":39},"6":{"name":"(anonymous_6)","decl":{"start":{"line":64,"column":2},"end":{"line":64,"column":3}},"loc":{"start":{"line":64,"column":27},"end":{"line":78,"column":3}},"line":64},"7":{"name":"(anonymous_7)","decl":{"start":{"line":65,"column":11},"end":{"line":65,"column":12}},"loc":{"start":{"line":65,"column":36},"end":{"line":77,"column":5}},"line":65}},"branchMap":{"0":{"loc":{"start":{"line":46,"column":24},"end":{"line":46,"column":49}},"type":"binary-expr","locations":[{"start":{"line":46,"column":24},"end":{"line":46,"column":40}},{"start":{"line":46,"column":44},"end":{"line":46,"column":49}}],"line":46},"1":{"loc":{"start":{"line":66,"column":6},"end":{"line":75,"column":7}},"type":"if","locations":[{"start":{"line":66,"column":6},"end":{"line":75,"column":7}},{"start":{},"end":{}}],"line":66},"2":{"loc":{"start":{"line":66,"column":10},"end":{"line":66,"column":86}},"type":"binary-expr","locations":[{"start":{"line":66,"column":10},"end":{"line":66,"column":42}},{"start":{"line":66,"column":46},"end":{"line":66,"column":64}},{"start":{"line":66,"column":68},"end":{"line":66,"column":86}}],"line":66}},"s":{"0":0,"1":0,"2":0,"3":0,"4":0,"5":0,"6":0,"7":0,"8":0,"9":0,"10":0,"11":0,"12":0,"13":0,"14":0,"15":0,"16":0,"17":0,"18":0,"19":0},"f":{"0":0,"1":0,"2":0,"3":0,"4":0,"5":0,"6":0,"7":0},"b":{"0":[0,0],"1":[0,0],"2":[0,0,0]}}
,"C:\\Users\\User\\Desktop\\pos-venda\\backend\\src\\middlewares\\authMiddleware.js": {"path":"C:\\Users\\User\\Desktop\\pos-venda\\backend\\src\\middlewares\\authMiddleware.js","statementMap":{"0":{"start":{"line":1,"column":12},"end":{"line":1,"column":35}},"1":{"start":{"line":2,"column":13},"end":{"line":2,"column":38}},"2":{"start":{"line":3,"column":24},"end":{"line":3,"column":62}},"3":{"start":{"line":10,"column":23},"end":{"line":10,"column":48}},"4":{"start":{"line":11,"column":18},"end":{"line":11,"column":56}},"5":{"start":{"line":13,"column":4},"end":{"line":22,"column":5}},"6":{"start":{"line":14,"column":6},"end":{"line":19,"column":9}},"7":{"start":{"line":21,"column":6},"end":{"line":21,"column":84}},"8":{"start":{"line":24,"column":4},"end":{"line":82,"column":5}},"9":{"start":{"line":25,"column":22},"end":{"line":32,"column":7}},"10":{"start":{"line":34,"column":19},"end":{"line":36,"column":8}},"11":{"start":{"line":38,"column":6},"end":{"line":48,"column":7}},"12":{"start":{"line":39,"column":8},"end":{"line":45,"column":11}},"13":{"start":{"line":47,"column":8},"end":{"line":47,"column":73}},"14":{"start":{"line":50,"column":6},"end":{"line":60,"column":7}},"15":{"start":{"line":51,"column":8},"end":{"line":57,"column":11}},"16":{"start":{"line":59,"column":8},"end":{"line":59,"column":75}},"17":{"start":{"line":62,"column":6},"end":{"line":66,"column":8}},"18":{"start":{"line":68,"column":6},"end":{"line":68,"column":13}},"19":{"start":{"line":70,"column":6},"end":{"line":75,"column":9}},"20":{"start":{"line":77,"column":6},"end":{"line":79,"column":7}},"21":{"start":{"line":78,"column":8},"end":{"line":78,"column":65}},"22":{"start":{"line":81,"column":6},"end":{"line":81,"column":63}},"23":{"start":{"line":90,"column":4},"end":{"line":108,"column":6}},"24":{"start":{"line":91,"column":6},"end":{"line":106,"column":7}},"25":{"start":{"line":92,"column":8},"end":{"line":100,"column":11}},"26":{"start":{"line":102,"column":8},"end":{"line":105,"column":11}},"27":{"start":{"line":107,"column":6},"end":{"line":107,"column":13}},"28":{"start":{"line":112,"column":0},"end":{"line":112,"column":32}}},"fnMap":{"0":{"name":"(anonymous_0)","decl":{"start":{"line":9,"column":2},"end":{"line":9,"column":3}},"loc":{"start":{"line":9,"column":49},"end":{"line":83,"column":3}},"line":9},"1":{"name":"(anonymous_1)","decl":{"start":{"line":89,"column":2},"end":{"line":89,"column":3}},"loc":{"start":{"line":89,"column":40},"end":{"line":109,"column":3}},"line":89},"2":{"name":"(anonymous_2)","decl":{"start":{"line":90,"column":11},"end":{"line":90,"column":12}},"loc":{"start":{"line":90,"column":37},"end":{"line":108,"column":5}},"line":90}},"branchMap":{"0":{"loc":{"start":{"line":11,"column":18},"end":{"line":11,"column":56}},"type":"binary-expr","locations":[{"start":{"line":11,"column":18},"end":{"line":11,"column":28}},{"start":{"line":11,"column":32},"end":{"line":11,"column":56}}],"line":11},"1":{"loc":{"start":{"line":13,"column":4},"end":{"line":22,"column":5}},"type":"if","locations":[{"start":{"line":13,"column":4},"end":{"line":22,"column":5}},{"start":{},"end":{}}],"line":13},"2":{"loc":{"start":{"line":30,"column":18},"end":{"line":30,"column":53}},"type":"binary-expr","locations":[{"start":{"line":30,"column":18},"end":{"line":30,"column":44}},{"start":{"line":30,"column":48},"end":{"line":30,"column":53}}],"line":30},"3":{"loc":{"start":{"line":38,"column":6},"end":{"line":48,"column":7}},"type":"if","locations":[{"start":{"line":38,"column":6},"end":{"line":48,"column":7}},{"start":{},"end":{}}],"line":38},"4":{"loc":{"start":{"line":50,"column":6},"end":{"line":60,"column":7}},"type":"if","locations":[{"start":{"line":50,"column":6},"end":{"line":60,"column":7}},{"start":{},"end":{}}],"line":50},"5":{"loc":{"start":{"line":77,"column":6},"end":{"line":79,"column":7}},"type":"if","locations":[{"start":{"line":77,"column":6},"end":{"line":79,"column":7}},{"start":{},"end":{}}],"line":77},"6":{"loc":{"start":{"line":91,"column":6},"end":{"line":106,"column":7}},"type":"if","locations":[{"start":{"line":91,"column":6},"end":{"line":106,"column":7}},{"start":{},"end":{}}],"line":91},"7":{"loc":{"start":{"line":91,"column":10},"end":{"line":91,"column":60}},"type":"binary-expr","locations":[{"start":{"line":91,"column":10},"end":{"line":91,"column":19}},{"start":{"line":91,"column":23},"end":{"line":91,"column":60}}],"line":91}},"s":{"0":0,"1":0,"2":0,"3":0,"4":0,"5":0,"6":0,"7":0,"8":0,"9":0,"10":0,"11":0,"12":0,"13":0,"14":0,"15":0,"16":0,"17":0,"18":0,"19":0,"20":0,"21":0,"22":0,"23":0,"24":0,"25":0,"26":0,"27":0,"28":0},"f":{"0":0,"1":0,"2":0},"b":{"0":[0,0],"1":[0,0],"2":[0,0],"3":[0,0],"4":[0,0],"5":[0,0],"6":[0,0],"7":[0,0]}}
,"C:\\Users\\User\\Desktop\\pos-venda\\backend\\src\\middlewares\\errorHandler.js": {"path":"C:\\Users\\User\\Desktop\\pos-venda\\backend\\src\\middlewares\\errorHandler.js","statementMap":{"0":{"start":{"line":1,"column":16},"end":{"line":1,"column":34}},"1":{"start":{"line":2,"column":27},"end":{"line":2,"column":56}},"2":{"start":{"line":4,"column":15},"end":{"line":16,"column":2}},"3":{"start":{"line":18,"column":21},"end":{"line":34,"column":1}},"4":{"start":{"line":19,"column":21},"end":{"line":19,"column":42}},"5":{"start":{"line":20,"column":24},"end":{"line":25,"column":3}},"6":{"start":{"line":27,"column":2},"end":{"line":31,"column":5}},"7":{"start":{"line":33,"column":2},"end":{"line":33,"column":45}},"8":{"start":{"line":36,"column":30},"end":{"line":52,"column":1}},"9":{"start":{"line":37,"column":2},"end":{"line":51,"column":3}},"10":{"start":{"line":38,"column":24},"end":{"line":38,"column":46}},"11":{"start":{"line":40,"column":4},"end":{"line":45,"column":7}},"12":{"start":{"line":47,"column":4},"end":{"line":50,"column":7}},"13":{"start":{"line":54,"column":0},"end":{"line":57,"column":2}}},"fnMap":{"0":{"name":"(anonymous_0)","decl":{"start":{"line":18,"column":21},"end":{"line":18,"column":22}},"loc":{"start":{"line":18,"column":46},"end":{"line":34,"column":1}},"line":18},"1":{"name":"(anonymous_1)","decl":{"start":{"line":36,"column":30},"end":{"line":36,"column":31}},"loc":{"start":{"line":36,"column":50},"end":{"line":52,"column":1}},"line":36}},"branchMap":{"0":{"loc":{"start":{"line":5,"column":9},"end":{"line":5,"column":40}},"type":"binary-expr","locations":[{"start":{"line":5,"column":9},"end":{"line":5,"column":30}},{"start":{"line":5,"column":34},"end":{"line":5,"column":40}}],"line":5},"1":{"loc":{"start":{"line":13,"column":16},"end":{"line":13,"column":57}},"type":"binary-expr","locations":[{"start":{"line":13,"column":16},"end":{"line":13,"column":36}},{"start":{"line":13,"column":40},"end":{"line":13,"column":57}}],"line":13},"2":{"loc":{"start":{"line":19,"column":21},"end":{"line":19,"column":42}},"type":"binary-expr","locations":[{"start":{"line":19,"column":21},"end":{"line":19,"column":35}},{"start":{"line":19,"column":39},"end":{"line":19,"column":42}}],"line":19},"3":{"loc":{"start":{"line":23,"column":13},"end":{"line":23,"column":54}},"type":"binary-expr","locations":[{"start":{"line":23,"column":13},"end":{"line":23,"column":24}},{"start":{"line":23,"column":28},"end":{"line":23,"column":54}}],"line":23},"4":{"loc":{"start":{"line":24,"column":8},"end":{"line":24,"column":70}},"type":"binary-expr","locations":[{"start":{"line":24,"column":8},"end":{"line":24,"column":46}},{"start":{"line":24,"column":50},"end":{"line":24,"column":70}}],"line":24},"5":{"loc":{"start":{"line":43,"column":16},"end":{"line":43,"column":58}},"type":"cond-expr","locations":[{"start":{"line":43,"column":30},"end":{"line":43,"column":41}},{"start":{"line":43,"column":44},"end":{"line":43,"column":58}}],"line":43}},"s":{"0":0,"1":0,"2":0,"3":0,"4":0,"5":0,"6":0,"7":0,"8":0,"9":0,"10":0,"11":0,"12":0,"13":0},"f":{"0":0,"1":0},"b":{"0":[0,0],"1":[0,0],"2":[0,0],"3":[0,0],"4":[0,0],"5":[0,0]}}
,"C:\\Users\\User\\Desktop\\pos-venda\\backend\\src\\migrations\\20240101000000-create-users.js": {"path":"C:\\Users\\User\\Desktop\\pos-venda\\backend\\src\\migrations\\20240101000000-create-users.js","statementMap":{"0":{"start":{"line":3,"column":0},"end":{"line":49,"column":2}},"1":{"start":{"line":5,"column":4},"end":{"line":43,"column":7}},"2":{"start":{"line":47,"column":4},"end":{"line":47,"column":44}}},"fnMap":{"0":{"name":"(anonymous_0)","decl":{"start":{"line":4,"column":6},"end":{"line":4,"column":7}},"loc":{"start":{"line":4,"column":43},"end":{"line":44,"column":3}},"line":4},"1":{"name":"(anonymous_1)","decl":{"start":{"line":46,"column":8},"end":{"line":46,"column":9}},"loc":{"start":{"line":46,"column":34},"end":{"line":48,"column":3}},"line":46}},"branchMap":{},"s":{"0":0,"1":0,"2":0},"f":{"0":0,"1":0},"b":{}}
,"C:\\Users\\User\\Desktop\\pos-venda\\backend\\src\\models\\FinancialTransaction.js": {"path":"C:\\Users\\User\\Desktop\\pos-venda\\backend\\src\\models\\FinancialTransaction.js","statementMap":{"0":{"start":{"line":1,"column":29},"end":{"line":1,"column":49}},"1":{"start":{"line":5,"column":4},"end":{"line":179,"column":7}},"2":{"start":{"line":56,"column":42},"end":{"line":61,"column":13}},"3":{"start":{"line":62,"column":43},"end":{"line":70,"column":13}},"4":{"start":{"line":73,"column":12},"end":{"line":75,"column":13}},"5":{"start":{"line":74,"column":14},"end":{"line":74,"column":78}},"6":{"start":{"line":77,"column":12},"end":{"line":79,"column":13}},"7":{"start":{"line":78,"column":14},"end":{"line":78,"column":76}},"8":{"start":{"line":95,"column":12},"end":{"line":97,"column":13}},"9":{"start":{"line":96,"column":14},"end":{"line":96,"column":73}},"10":{"start":{"line":143,"column":34},"end":{"line":143,"column":81}},"11":{"start":{"line":145,"column":12},"end":{"line":147,"column":13}},"12":{"start":{"line":146,"column":14},"end":{"line":146,"column":62}},"13":{"start":{"line":169,"column":10},"end":{"line":171,"column":11}},"14":{"start":{"line":170,"column":12},"end":{"line":170,"column":62}},"15":{"start":{"line":174,"column":10},"end":{"line":176,"column":11}},"16":{"start":{"line":175,"column":12},"end":{"line":175,"column":48}},"17":{"start":{"line":181,"column":4},"end":{"line":181,"column":16}},"18":{"start":{"line":187,"column":4},"end":{"line":190,"column":7}},"19":{"start":{"line":193,"column":4},"end":{"line":200,"column":7}},"20":{"start":{"line":206,"column":0},"end":{"line":206,"column":38}}},"fnMap":{"0":{"name":"(anonymous_0)","decl":{"start":{"line":4,"column":2},"end":{"line":4,"column":3}},"loc":{"start":{"line":4,"column":25},"end":{"line":182,"column":3}},"line":4},"1":{"name":"(anonymous_1)","decl":{"start":{"line":55,"column":10},"end":{"line":55,"column":11}},"loc":{"start":{"line":55,"column":33},"end":{"line":80,"column":11}},"line":55},"2":{"name":"(anonymous_2)","decl":{"start":{"line":94,"column":10},"end":{"line":94,"column":11}},"loc":{"start":{"line":94,"column":24},"end":{"line":98,"column":11}},"line":94},"3":{"name":"(anonymous_3)","decl":{"start":{"line":142,"column":10},"end":{"line":142,"column":11}},"loc":{"start":{"line":142,"column":31},"end":{"line":148,"column":11}},"line":142},"4":{"name":"(anonymous_4)","decl":{"start":{"line":167,"column":24},"end":{"line":167,"column":25}},"loc":{"start":{"line":167,"column":50},"end":{"line":177,"column":9}},"line":167},"5":{"name":"(anonymous_5)","decl":{"start":{"line":185,"column":2},"end":{"line":185,"column":3}},"loc":{"start":{"line":185,"column":27},"end":{"line":201,"column":3}},"line":185}},"branchMap":{"0":{"loc":{"start":{"line":73,"column":12},"end":{"line":75,"column":13}},"type":"if","locations":[{"start":{"line":73,"column":12},"end":{"line":75,"column":13}},{"start":{},"end":{}}],"line":73},"1":{"loc":{"start":{"line":73,"column":16},"end":{"line":73,"column":80}},"type":"binary-expr","locations":[{"start":{"line":73,"column":16},"end":{"line":73,"column":38}},{"start":{"line":73,"column":42},"end":{"line":73,"column":80}}],"line":73},"2":{"loc":{"start":{"line":77,"column":12},"end":{"line":79,"column":13}},"type":"if","locations":[{"start":{"line":77,"column":12},"end":{"line":79,"column":13}},{"start":{},"end":{}}],"line":77},"3":{"loc":{"start":{"line":77,"column":16},"end":{"line":77,"column":82}},"type":"binary-expr","locations":[{"start":{"line":77,"column":16},"end":{"line":77,"column":39}},{"start":{"line":77,"column":43},"end":{"line":77,"column":82}}],"line":77},"4":{"loc":{"start":{"line":95,"column":12},"end":{"line":97,"column":13}},"type":"if","locations":[{"start":{"line":95,"column":12},"end":{"line":97,"column":13}},{"start":{},"end":{}}],"line":95},"5":{"loc":{"start":{"line":145,"column":12},"end":{"line":147,"column":13}},"type":"if","locations":[{"start":{"line":145,"column":12},"end":{"line":147,"column":13}},{"start":{},"end":{}}],"line":145},"6":{"loc":{"start":{"line":169,"column":10},"end":{"line":171,"column":11}},"type":"if","locations":[{"start":{"line":169,"column":10},"end":{"line":171,"column":11}},{"start":{},"end":{}}],"line":169},"7":{"loc":{"start":{"line":169,"column":14},"end":{"line":169,"column":58}},"type":"binary-expr","locations":[{"start":{"line":169,"column":14},"end":{"line":169,"column":32}},{"start":{"line":169,"column":36},"end":{"line":169,"column":58}}],"line":169},"8":{"loc":{"start":{"line":174,"column":10},"end":{"line":176,"column":11}},"type":"if","locations":[{"start":{"line":174,"column":10},"end":{"line":176,"column":11}},{"start":{},"end":{}}],"line":174}},"s":{"0":0,"1":0,"2":0,"3":0,"4":0,"5":0,"6":0,"7":0,"8":0,"9":0,"10":0,"11":0,"12":0,"13":0,"14":0,"15":0,"16":0,"17":0,"18":0,"19":0,"20":0},"f":{"0":0,"1":0,"2":0,"3":0,"4":0,"5":0},"b":{"0":[0,0],"1":[0,0],"2":[0,0],"3":[0,0],"4":[0,0],"5":[0,0],"6":[0,0],"7":[0,0],"8":[0,0]}}
,"C:\\Users\\User\\Desktop\\pos-venda\\backend\\src\\models\\User.js": {"path":"C:\\Users\\User\\Desktop\\pos-venda\\backend\\src\\models\\User.js","statementMap":{"0":{"start":{"line":1,"column":22},"end":{"line":1,"column":42}},"1":{"start":{"line":2,"column":22},"end":{"line":2,"column":51}},"2":{"start":{"line":3,"column":15},"end":{"line":3,"column":34}},"3":{"start":{"line":5,"column":13},"end":{"line":63,"column":2}},"4":{"start":{"line":47,"column":6},"end":{"line":51,"column":7}},"5":{"start":{"line":48,"column":21},"end":{"line":48,"column":45}},"6":{"start":{"line":50,"column":8},"end":{"line":50,"column":63}},"7":{"start":{"line":54,"column":6},"end":{"line":58,"column":7}},"8":{"start":{"line":55,"column":21},"end":{"line":55,"column":45}},"9":{"start":{"line":57,"column":8},"end":{"line":57,"column":63}},"10":{"start":{"line":66,"column":0},"end":{"line":68,"column":2}},"11":{"start":{"line":67,"column":2},"end":{"line":67,"column":49}},"12":{"start":{"line":70,"column":0},"end":{"line":70,"column":22}}},"fnMap":{"0":{"name":"(anonymous_0)","decl":{"start":{"line":46,"column":18},"end":{"line":46,"column":19}},"loc":{"start":{"line":46,"column":34},"end":{"line":52,"column":5}},"line":46},"1":{"name":"(anonymous_1)","decl":{"start":{"line":53,"column":18},"end":{"line":53,"column":19}},"loc":{"start":{"line":53,"column":34},"end":{"line":59,"column":5}},"line":53},"2":{"name":"(anonymous_2)","decl":{"start":{"line":66,"column":31},"end":{"line":66,"column":32}},"loc":{"start":{"line":66,"column":57},"end":{"line":68,"column":1}},"line":66}},"branchMap":{"0":{"loc":{"start":{"line":47,"column":6},"end":{"line":51,"column":7}},"type":"if","locations":[{"start":{"line":47,"column":6},"end":{"line":51,"column":7}},{"start":{},"end":{}}],"line":47},"1":{"loc":{"start":{"line":54,"column":6},"end":{"line":58,"column":7}},"type":"if","locations":[{"start":{"line":54,"column":6},"end":{"line":58,"column":7}},{"start":{},"end":{}}],"line":54}},"s":{"0":0,"1":0,"2":0,"3":0,"4":0,"5":0,"6":0,"7":0,"8":0,"9":0,"10":0,"11":0,"12":0},"f":{"0":0,"1":0,"2":0},"b":{"0":[0,0],"1":[0,0]}}
,"C:\\Users\\User\\Desktop\\pos-venda\\backend\\src\\routes\\authRoutes.js": {"path":"C:\\Users\\User\\Desktop\\pos-venda\\backend\\src\\routes\\authRoutes.js","statementMap":{"0":{"start":{"line":1,"column":16},"end":{"line":1,"column":34}},"1":{"start":{"line":2,"column":15},"end":{"line":2,"column":31}},"2":{"start":{"line":3,"column":13},"end":{"line":3,"column":38}},"3":{"start":{"line":4,"column":12},"end":{"line":4,"column":35}},"4":{"start":{"line":5,"column":24},"end":{"line":5,"column":62}},"5":{"start":{"line":8,"column":0},"end":{"line":103,"column":3}},"6":{"start":{"line":9,"column":30},"end":{"line":9,"column":38}},"7":{"start":{"line":11,"column":2},"end":{"line":102,"column":3}},"8":{"start":{"line":13,"column":17},"end":{"line":13,"column":57}},"9":{"start":{"line":15,"column":4},"end":{"line":26,"column":5}},"10":{"start":{"line":17,"column":6},"end":{"line":23,"column":9}},"11":{"start":{"line":25,"column":6},"end":{"line":25,"column":72}},"12":{"start":{"line":29,"column":20},"end":{"line":29,"column":54}},"13":{"start":{"line":31,"column":4},"end":{"line":43,"column":5}},"14":{"start":{"line":33,"column":6},"end":{"line":40,"column":9}},"15":{"start":{"line":42,"column":6},"end":{"line":42,"column":72}},"16":{"start":{"line":46,"column":4},"end":{"line":57,"column":5}},"17":{"start":{"line":47,"column":6},"end":{"line":54,"column":9}},"18":{"start":{"line":56,"column":6},"end":{"line":56,"column":75}},"19":{"start":{"line":60,"column":18},"end":{"line":70,"column":5}},"20":{"start":{"line":73,"column":4},"end":{"line":73,"column":49}},"21":{"start":{"line":76,"column":4},"end":{"line":80,"column":7}},"22":{"start":{"line":82,"column":4},"end":{"line":90,"column":7}},"23":{"start":{"line":92,"column":4},"end":{"line":92,"column":43}},"24":{"start":{"line":94,"column":4},"end":{"line":99,"column":7}},"25":{"start":{"line":101,"column":4},"end":{"line":101,"column":66}},"26":{"start":{"line":105,"column":0},"end":{"line":105,"column":24}}},"fnMap":{"0":{"name":"(anonymous_0)","decl":{"start":{"line":8,"column":22},"end":{"line":8,"column":23}},"loc":{"start":{"line":8,"column":42},"end":{"line":103,"column":1}},"line":8}},"branchMap":{"0":{"loc":{"start":{"line":15,"column":4},"end":{"line":26,"column":5}},"type":"if","locations":[{"start":{"line":15,"column":4},"end":{"line":26,"column":5}},{"start":{},"end":{}}],"line":15},"1":{"loc":{"start":{"line":31,"column":4},"end":{"line":43,"column":5}},"type":"if","locations":[{"start":{"line":31,"column":4},"end":{"line":43,"column":5}},{"start":{},"end":{}}],"line":31},"2":{"loc":{"start":{"line":46,"column":4},"end":{"line":57,"column":5}},"type":"if","locations":[{"start":{"line":46,"column":4},"end":{"line":57,"column":5}},{"start":{},"end":{}}],"line":46},"3":{"loc":{"start":{"line":68,"column":19},"end":{"line":68,"column":54}},"type":"binary-expr","locations":[{"start":{"line":68,"column":19},"end":{"line":68,"column":45}},{"start":{"line":68,"column":49},"end":{"line":68,"column":54}}],"line":68}},"s":{"0":0,"1":0,"2":0,"3":0,"4":0,"5":0,"6":0,"7":0,"8":0,"9":0,"10":0,"11":0,"12":0,"13":0,"14":0,"15":0,"16":0,"17":0,"18":0,"19":0,"20":0,"21":0,"22":0,"23":0,"24":0,"25":0,"26":0},"f":{"0":0},"b":{"0":[0,0],"1":[0,0],"2":[0,0],"3":[0,0]}}
,"C:\\Users\\User\\Desktop\\pos-venda\\backend\\src\\routes\\protectedRoutes.js": {"path":"C:\\Users\\User\\Desktop\\pos-venda\\backend\\src\\routes\\protectedRoutes.js","statementMap":{"0":{"start":{"line":1,"column":16},"end":{"line":1,"column":34}},"1":{"start":{"line":2,"column":15},"end":{"line":2,"column":31}},"2":{"start":{"line":3,"column":23},"end":{"line":3,"column":63}},"3":{"start":{"line":6,"column":0},"end":{"line":15,"column":3}},"4":{"start":{"line":7,"column":2},"end":{"line":14,"column":5}},"5":{"start":{"line":18,"column":0},"end":{"line":30,"column":5}},"6":{"start":{"line":22,"column":4},"end":{"line":29,"column":7}},"7":{"start":{"line":32,"column":0},"end":{"line":32,"column":24}}},"fnMap":{"0":{"name":"(anonymous_0)","decl":{"start":{"line":6,"column":50},"end":{"line":6,"column":51}},"loc":{"start":{"line":6,"column":64},"end":{"line":15,"column":1}},"line":6},"1":{"name":"(anonymous_1)","decl":{"start":{"line":21,"column":2},"end":{"line":21,"column":3}},"loc":{"start":{"line":21,"column":16},"end":{"line":30,"column":3}},"line":21}},"branchMap":{},"s":{"0":0,"1":0,"2":0,"3":0,"4":0,"5":0,"6":0,"7":0},"f":{"0":0,"1":0},"b":{}}
,"C:\\Users\\User\\Desktop\\pos-venda\\backend\\src\\routes\\reportRoutes.js": {"path":"C:\\Users\\User\\Desktop\\pos-venda\\backend\\src\\routes\\reportRoutes.js","statementMap":{"0":{"start":{"line":1,"column":16},"end":{"line":1,"column":34}},"1":{"start":{"line":2,"column":25},"end":{"line":2,"column":67}},"2":{"start":{"line":3,"column":23},"end":{"line":3,"column":63}},"3":{"start":{"line":4,"column":24},"end":{"line":4,"column":65}},"4":{"start":{"line":6,"column":15},"end":{"line":6,"column":31}},"5":{"start":{"line":9,"column":0},"end":{"line":17,"column":2}},"6":{"start":{"line":20,"column":0},"end":{"line":28,"column":2}},"7":{"start":{"line":31,"column":0},"end":{"line":38,"column":2}},"8":{"start":{"line":40,"column":0},"end":{"line":40,"column":24}}},"fnMap":{},"branchMap":{},"s":{"0":0,"1":0,"2":0,"3":0,"4":0,"5":0,"6":0,"7":0,"8":0},"f":{},"b":{}}
}
